c:\users\umc\source\repos\sdd\sdd\x64\release\vc143.pdb
c:\users\umc\source\repos\sdd\sdd\x64\release\utilities.obj
c:\users\umc\source\repos\sdd\sdd\x64\release\types.obj
c:\users\umc\source\repos\sdd\sdd\x64\release\ramstore.obj
c:\users\umc\source\repos\sdd\sdd\x64\release\oram.obj
c:\users\umc\source\repos\sdd\sdd\x64\release\omap.obj
c:\users\umc\source\repos\sdd\sdd\x64\release\deamortizedtest.obj
c:\users\umc\source\repos\sdd\sdd\x64\release\deamortizedbasserverhandler.obj
c:\users\umc\source\repos\sdd\sdd\x64\release\deamortizedbasclienthandler.obj
c:\users\umc\source\repos\sdd\sdd\x64\release\bid.obj
c:\users\umc\source\repos\sdd\sdd\x64\release\avltree.obj
c:\users\umc\source\repos\sdd\sdd\x64\release\commonutil.obj
c:\users\umc\source\repos\sdd\x64\release\sdd.exe
c:\users\umc\source\repos\sdd\sdd\x64\release\sdd.ipdb
c:\users\umc\source\repos\sdd\x64\release\sdd.pdb
c:\users\umc\source\repos\sdd\sdd\x64\release\sdd.iobj
c:\users\umc\source\repos\sdd\sdd\x64\release\sdd.tlog\cl.command.1.tlog
c:\users\umc\source\repos\sdd\sdd\x64\release\sdd.tlog\cl.read.1.tlog
c:\users\umc\source\repos\sdd\sdd\x64\release\sdd.tlog\cl.write.1.tlog
c:\users\umc\source\repos\sdd\sdd\x64\release\sdd.tlog\link.command.1.tlog
c:\users\umc\source\repos\sdd\sdd\x64\release\sdd.tlog\link.read.1.tlog
c:\users\umc\source\repos\sdd\sdd\x64\release\sdd.tlog\link.write.1.tlog
